<?xml version="1.0" encoding="UTF-8"?>
<!-- Generated by org.testng.reporters.JUnitReportReporter -->
<testsuite hostname="LAPTOP-4V52DMIG" failures="0" tests="3" name="tests.SearchTest" time="19.914" errors="0" timestamp="2021-04-06T16:15:09 IST" skipped="0">
  <testcase classname="tests.SearchTest" name="searchWithoutProvidingAnyProductTest" time="5.790"/>
  <system-out/>
  <testcase classname="tests.SearchTest" name="searchForANonExistingProductTest" time="6.617"/>
  <system-out/>
  <testcase classname="tests.SearchTest" name="searchTest" time="7.507"/>
  <system-out/>
</testsuite> <!-- tests.SearchTest -->
