<?xml version="1.0" encoding="UTF-8"?>
<!-- Generated by org.testng.reporters.JUnitReportReporter -->
<testsuite hostname="LAPTOP-4V52DMIG" failures="0" tests="3" name="tests.RegisterAccountTest" time="30.393" errors="0" timestamp="2021-04-06T16:15:09 IST" skipped="0">
  <testcase classname="tests.RegisterAccountTest" name="registerNewAccountWithMandatoryFieldsTest" time="9.844"/>
  <system-out/>
  <testcase classname="tests.RegisterAccountTest" name="registerNewAccountWithSubscriptionTest" time="10.294"/>
  <system-out/>
  <testcase classname="tests.RegisterAccountTest" name="registerNewAccountWithoutEnteringAnyFeildsTest" time="10.255"/>
  <system-out/>
</testsuite> <!-- tests.RegisterAccountTest -->
