<?xml version="1.0" encoding="UTF-8"?>
<!-- Generated by org.testng.reporters.JUnitReportReporter -->
<testsuite hostname="LAPTOP-4V52DMIG" failures="0" tests="3" name="tests.ForgotPasswordTest" time="25.184" errors="0" timestamp="2021-04-06T16:15:09 IST" skipped="0">
  <testcase classname="tests.ForgotPasswordTest" name="resetPasswordWithoutProvidingEmailAddressTest" time="6.750"/>
  <system-out/>
  <testcase classname="tests.ForgotPasswordTest" name="resetPasswordForInvalidEmailAddressTest" time="7.719"/>
  <system-out/>
  <testcase classname="tests.ForgotPasswordTest" name="resetPasswordTest" time="10.715"/>
  <system-out/>
</testsuite> <!-- tests.ForgotPasswordTest -->
