<?xml version="1.0" encoding="UTF-8"?>
<!-- Generated by org.testng.reporters.JUnitReportReporter -->
<testsuite hostname="LAPTOP-4V52DMIG" failures="0" tests="3" name="tests.RegisterAccount" time="23.171" errors="0" timestamp="2021-04-06T14:04:24 IST" skipped="0">
  <testcase classname="tests.RegisterAccount" name="registerNewAccountWithMandatoryFieldsTest" time="9.113"/>
  <system-out/>
  <testcase classname="tests.RegisterAccount" name="registerNewAccountWithSubscription" time="6.984"/>
  <system-out/>
  <testcase classname="tests.RegisterAccount" name="registerNewAccountWithoutEnteringAnyFeilds" time="7.074"/>
  <system-out/>
</testsuite> <!-- tests.RegisterAccount -->
